<?xml version="1.0" encoding="UTF-8"?>
<testsuite name="collection.DatabaseTest" tests="1" skipped="0" failures="0" errors="0" timestamp="2023-06-21T23:15:57" hostname="DESKTOP-7RO84TQ" time="0.591">
  <properties/>
  <testcase name="connect()" classname="collection.DatabaseTest" time="0.591"/>
  <system-out><![CDATA[collection.products.product_id=2, collection.products.product_name=test_product, collection.products.coordinate_x=1, collection.products.coordinate_y=2.7, collection.products.creationdate=2023-06-21, collection.products.price=1234, collection.products.unit_of_measure=KILOGRAMS, collection.products.manufacturer_name=test, collection.products.full_name=df, collection.products.organization_type=COMMERCIAL, collection.products.owner_name=admin
collection.products.product_id=3, collection.products.product_name=test_product, collection.products.coordinate_x=1, collection.products.coordinate_y=2.7, collection.products.creationdate=2023-06-21, collection.products.price=1234, collection.products.unit_of_measure=KILOGRAMS, collection.products.manufacturer_name=test, collection.products.full_name=df, collection.products.organization_type=COMMERCIAL, collection.products.owner_name=admin
collection.products.product_id=5, collection.products.product_name=test2, collection.products.coordinate_x=1, collection.products.coordinate_y=7.4, collection.products.creationdate=2023-4-322, collection.products.price=345, collection.products.unit_of_measure=KILOGRAMS, collection.products.manufacturer_name=test 2, collection.products.full_name=fdfd, collection.products.organization_type=PUBLIC, collection.products.owner_name=admin
collection.products.product_id=6, collection.products.product_name=test2, collection.products.coordinate_x=1, collection.products.coordinate_y=7.4, collection.products.creationdate=2023-4-322, collection.products.price=345, collection.products.unit_of_measure=KILOGRAMS, collection.products.manufacturer_name=test 2, collection.products.full_name=fdfd, collection.products.organization_type=PUBLIC, collection.products.owner_name=admin
collection.products.product_id=7, collection.products.product_name=test2, collection.products.coordinate_x=1, collection.products.coordinate_y=7.4, collection.products.creationdate=2023-4-322, collection.products.price=345, collection.products.unit_of_measure=KILOGRAMS, collection.products.manufacturer_name=test 2, collection.products.full_name=fdfd, collection.products.organization_type=PUBLIC, collection.products.owner_name=admin
collection.products.product_id=9, collection.products.product_name=test2, collection.products.coordinate_x=1, collection.products.coordinate_y=7.4, collection.products.creationdate=2023-4-322, collection.products.price=345, collection.products.unit_of_measure=KILOGRAMS, collection.products.manufacturer_name=test 2, collection.products.full_name=fdfd, collection.products.organization_type=PUBLIC, collection.products.owner_name=admin
collection.products.product_id=10, collection.products.product_name=test2, collection.products.coordinate_x=1, collection.products.coordinate_y=7.4, collection.products.creationdate=2023-4-322, collection.products.price=345, collection.products.unit_of_measure=KILOGRAMS, collection.products.manufacturer_name=test 2, collection.products.full_name=fdfd, collection.products.organization_type=PUBLIC, collection.products.owner_name=admin
collection.products.product_id=11, collection.products.product_name=test2, collection.products.coordinate_x=1, collection.products.coordinate_y=7.4, collection.products.creationdate=2023-4-322, collection.products.price=345, collection.products.unit_of_measure=KILOGRAMS, collection.products.manufacturer_name=test 2, collection.products.full_name=fdfd, collection.products.organization_type=PUBLIC, collection.products.owner_name=admin
collection.products.product_id=12, collection.products.product_name=test2, collection.products.coordinate_x=1, collection.products.coordinate_y=7.4, collection.products.creationdate=2023-4-322, collection.products.price=345, collection.products.unit_of_measure=KILOGRAMS, collection.products.manufacturer_name=test 2, collection.products.full_name=fdfd, collection.products.organization_type=PUBLIC, collection.products.owner_name=admin
kotlin.Unit
collection.products.product_id=2, collection.products.product_name=test_product, collection.products.coordinate_x=1, collection.products.coordinate_y=2.7, collection.products.creationdate=2023-06-21, collection.products.price=1234, collection.products.unit_of_measure=KILOGRAMS, collection.products.manufacturer_name=test, collection.products.full_name=df, collection.products.organization_type=COMMERCIAL, collection.products.owner_name=admin
collection.products.product_id=3, collection.products.product_name=test_product, collection.products.coordinate_x=1, collection.products.coordinate_y=2.7, collection.products.creationdate=2023-06-21, collection.products.price=1234, collection.products.unit_of_measure=KILOGRAMS, collection.products.manufacturer_name=test, collection.products.full_name=df, collection.products.organization_type=COMMERCIAL, collection.products.owner_name=admin
collection.products.product_id=5, collection.products.product_name=test2, collection.products.coordinate_x=1, collection.products.coordinate_y=7.4, collection.products.creationdate=2023-4-322, collection.products.price=345, collection.products.unit_of_measure=KILOGRAMS, collection.products.manufacturer_name=test 2, collection.products.full_name=fdfd, collection.products.organization_type=PUBLIC, collection.products.owner_name=admin
collection.products.product_id=6, collection.products.product_name=test2, collection.products.coordinate_x=1, collection.products.coordinate_y=7.4, collection.products.creationdate=2023-4-322, collection.products.price=345, collection.products.unit_of_measure=KILOGRAMS, collection.products.manufacturer_name=test 2, collection.products.full_name=fdfd, collection.products.organization_type=PUBLIC, collection.products.owner_name=admin
collection.products.product_id=7, collection.products.product_name=test2, collection.products.coordinate_x=1, collection.products.coordinate_y=7.4, collection.products.creationdate=2023-4-322, collection.products.price=345, collection.products.unit_of_measure=KILOGRAMS, collection.products.manufacturer_name=test 2, collection.products.full_name=fdfd, collection.products.organization_type=PUBLIC, collection.products.owner_name=admin
collection.products.product_id=9, collection.products.product_name=test2, collection.products.coordinate_x=1, collection.products.coordinate_y=7.4, collection.products.creationdate=2023-4-322, collection.products.price=345, collection.products.unit_of_measure=KILOGRAMS, collection.products.manufacturer_name=test 2, collection.products.full_name=fdfd, collection.products.organization_type=PUBLIC, collection.products.owner_name=admin
collection.products.product_id=10, collection.products.product_name=test2, collection.products.coordinate_x=1, collection.products.coordinate_y=7.4, collection.products.creationdate=2023-4-322, collection.products.price=345, collection.products.unit_of_measure=KILOGRAMS, collection.products.manufacturer_name=test 2, collection.products.full_name=fdfd, collection.products.organization_type=PUBLIC, collection.products.owner_name=admin
collection.products.product_id=11, collection.products.product_name=test2, collection.products.coordinate_x=1, collection.products.coordinate_y=7.4, collection.products.creationdate=2023-4-322, collection.products.price=345, collection.products.unit_of_measure=KILOGRAMS, collection.products.manufacturer_name=test 2, collection.products.full_name=fdfd, collection.products.organization_type=PUBLIC, collection.products.owner_name=admin
collection.products.product_id=12, collection.products.product_name=test2, collection.products.coordinate_x=1, collection.products.coordinate_y=7.4, collection.products.creationdate=2023-4-322, collection.products.price=345, collection.products.unit_of_measure=KILOGRAMS, collection.products.manufacturer_name=test 2, collection.products.full_name=fdfd, collection.products.organization_type=PUBLIC, collection.products.owner_name=admin
]]></system-out>
  <system-err><![CDATA[SLF4J: Failed to load class "org.slf4j.impl.StaticLoggerBinder".
SLF4J: Defaulting to no-operation (NOP) logger implementation
SLF4J: See http://www.slf4j.org/codes.html#StaticLoggerBinder for further details.
]]></system-err>
</testsuite>
